<?xml version="1.0" encoding="UTF-8"?>
<!-- Generated by org.testng.reporters.JUnitReportReporter -->
<testsuite hostname="jadi" failures="0" tests="2" name="com.rmgyantra_Authentication_Validation.preemptiveAndDigestiveTest" time="7.004" errors="0" timestamp="2021-12-10T16:43:17 IST" skipped="0">
  <testcase classname="com.rmgyantra_Authentication_Validation.preemptiveAndDigestiveTest" name="preemptive" time="0.291"/>
  <system-out/>
  <testcase classname="com.rmgyantra_Authentication_Validation.preemptiveAndDigestiveTest" name="digestive" time="6.713"/>
  <system-out/>
</testsuite> <!-- com.rmgyantra_Authentication_Validation.preemptiveAndDigestiveTest -->
