<?xml version="1.0" encoding="UTF-8"?>
<!-- Generated by org.testng.reporters.JUnitReportReporter -->
<testsuite hostname="jadi" failures="0" tests="1" name="com.rmgynata.ResponseValidation.dynamicResponseValidation" time="8.405" errors="0" timestamp="2021-12-09T15:55:58 IST" skipped="0">
  <testcase classname="com.rmgynata.ResponseValidation.dynamicResponseValidation" name="dynamicResponse" time="8.405"/>
  <system-out/>
</testsuite> <!-- com.rmgynata.ResponseValidation.dynamicResponseValidation -->
