<?xml version="1.0" encoding="UTF-8"?>
<!-- Generated by org.testng.reporters.JUnitReportReporter -->
<testsuite hostname="jadi" failures="0" tests="1" name="com.CRUD_Operations_BDD.UpdateProjectTest" time="9.185" errors="0" timestamp="2021-12-08T16:15:53 IST" skipped="0">
  <testcase classname="com.CRUD_Operations_BDD.UpdateProjectTest" name="updateProject" time="9.185"/>
  <system-out/>
</testsuite> <!-- com.CRUD_Operations_BDD.UpdateProjectTest -->
