<?xml version="1.0" encoding="UTF-8"?>
<!-- Generated by org.testng.reporters.JUnitReportReporter -->
<testsuite hostname="jadi" failures="0" tests="1" name="com.rmgyantra.parameter.queryParameterTest" time="10.129" errors="0" timestamp="2021-12-09T17:59:27 IST" skipped="0">
  <testcase classname="com.rmgyantra.parameter.queryParameterTest" name="queryParamter" time="10.129"/>
  <system-out/>
</testsuite> <!-- com.rmgyantra.parameter.queryParameterTest -->
