<?xml version="1.0" encoding="UTF-8"?>
<!-- Generated by org.testng.reporters.JUnitReportReporter -->
<testsuite hostname="jadi" failures="0" tests="1" name="com.CRUD_Operations_BDD.GetAllProjectTest" time="7.087" errors="0" timestamp="2021-12-09T15:39:35 IST" skipped="0">
  <testcase classname="com.CRUD_Operations_BDD.GetAllProjectTest" name="getProject" time="7.087"/>
  <system-out/>
</testsuite> <!-- com.CRUD_Operations_BDD.GetAllProjectTest -->
