<?xml version="1.0" encoding="UTF-8"?>
<!-- Generated by org.testng.reporters.JUnitReportReporter -->
<testsuite hostname="jadi" failures="0" tests="1" name="com.CRUD_Operations_Without_BDD.DeleteProjectTest" time="9.504" errors="0" timestamp="2021-12-07T20:14:01 IST" skipped="0">
  <testcase classname="com.CRUD_Operations_Without_BDD.DeleteProjectTest" name="deleteProject" time="9.504"/>
  <system-out/>
</testsuite> <!-- com.CRUD_Operations_Without_BDD.DeleteProjectTest -->
