<?xml version="1.0" encoding="UTF-8"?>
<!-- Generated by org.testng.reporters.JUnitReportReporter -->
<testsuite hostname="jadi" failures="0" tests="1" name="com.rmgyantra.RequestChaining.requestChainingTest" time="10.628" errors="0" timestamp="2021-12-09T18:29:56 IST" skipped="0">
  <testcase classname="com.rmgyantra.RequestChaining.requestChainingTest" name="requestChaining" time="10.628"/>
  <system-out/>
</testsuite> <!-- com.rmgyantra.RequestChaining.requestChainingTest -->
