<?xml version="1.0" encoding="UTF-8"?>
<!-- Generated by org.testng.reporters.JUnitReportReporter -->
<testsuite hostname="jadi" failures="0" tests="1" name="com.rmgyantra_Authentication_Validation.BasicAuthenticationTest" time="7.229" errors="0" timestamp="2021-12-10T16:08:04 IST" skipped="0">
  <testcase classname="com.rmgyantra_Authentication_Validation.BasicAuthenticationTest" name="basicAuthentication" time="7.229"/>
  <system-out/>
</testsuite> <!-- com.rmgyantra_Authentication_Validation.BasicAuthenticationTest -->
