<?xml version="1.0" encoding="UTF-8"?>
<!-- Generated by org.testng.reporters.JUnitReportReporter -->
<testsuite hostname="jadi" failures="0" tests="1" name="com.rmgyantra_EndToEndScenario.EndToEndScenarioTest" time="10.668" errors="0" timestamp="2021-12-11T14:24:17 IST" skipped="0">
  <testcase classname="com.rmgyantra_EndToEndScenario.EndToEndScenarioTest" name="endToEndScenario" time="10.668"/>
  <system-out/>
</testsuite> <!-- com.rmgyantra_EndToEndScenario.EndToEndScenarioTest -->
