<?xml version="1.0" encoding="UTF-8"?>
<!-- Generated by org.testng.reporters.JUnitReportReporter -->
<testsuite hostname="jadi" failures="0" tests="1" name="com.rmgyantra_Different_Ways_To_Post.createProjectUsingHashmapTest" time="9.506" errors="0" timestamp="2021-12-08T17:28:32 IST" skipped="0">
  <testcase classname="com.rmgyantra_Different_Ways_To_Post.createProjectUsingHashmapTest" name="createHashmap" time="9.506"/>
  <system-out/>
</testsuite> <!-- com.rmgyantra_Different_Ways_To_Post.createProjectUsingHashmapTest -->
