<?xml version="1.0" encoding="UTF-8"?>
<!-- Generated by org.testng.reporters.JUnitReportReporter -->
<testsuite hostname="jadi" failures="0" tests="1" name="com.rmgyanta_Hamcrest_Validation.ValidationHamcrestTest" time="9.353" errors="0" timestamp="2021-12-10T15:48:03 IST" skipped="0">
  <testcase classname="com.rmgyanta_Hamcrest_Validation.ValidationHamcrestTest" name="validationHamcrest" time="9.353"/>
  <system-out/>
</testsuite> <!-- com.rmgyanta_Hamcrest_Validation.ValidationHamcrestTest -->
