<?xml version="1.0" encoding="UTF-8"?>
<!-- Generated by org.testng.reporters.JUnitReportReporter -->
<testsuite hostname="jadi" failures="0" tests="1" name="com.rmgynata.ResponseValidation.staticResponseValidateTest" time="9.292" errors="0" timestamp="2021-12-09T15:45:45 IST" skipped="0">
  <testcase classname="com.rmgynata.ResponseValidation.staticResponseValidateTest" name="staticResonse" time="9.292"/>
  <system-out/>
</testsuite> <!-- com.rmgynata.ResponseValidation.staticResponseValidateTest -->
