<?xml version="1.0" encoding="UTF-8"?>
<!-- Generated by org.testng.reporters.JUnitReportReporter -->
<testsuite hostname="jadi" failures="0" tests="1" name="com.CRUD_Operations_Without_BDD.GetAllTheProjects" time="11.745" errors="0" timestamp="2021-12-08T14:38:12 IST" skipped="0">
  <testcase classname="com.CRUD_Operations_Without_BDD.GetAllTheProjects" name="getAllProjects" time="11.745"/>
  <system-out/>
</testsuite> <!-- com.CRUD_Operations_Without_BDD.GetAllTheProjects -->
