<?xml version="1.0" encoding="UTF-8"?>
<!-- Generated by org.testng.reporters.JUnitReportReporter -->
<testsuite hostname="jadi" failures="0" tests="1" name="com.rmgyantra.parameter.pathParameterTest" time="7.623" errors="0" timestamp="2021-12-09T17:25:05 IST" skipped="0">
  <testcase classname="com.rmgyantra.parameter.pathParameterTest" name="pathParameter" time="7.623"/>
  <system-out/>
</testsuite> <!-- com.rmgyantra.parameter.pathParameterTest -->
