<?xml version="1.0" encoding="UTF-8"?>
<!-- Generated by org.testng.reporters.JUnitReportReporter -->
<testsuite hostname="jadi" failures="0" tests="1" name="com.CRUD_Operations_BDD.CreateProjectTest" time="9.214" errors="0" timestamp="2021-12-08T16:22:18 IST" skipped="0">
  <testcase classname="com.CRUD_Operations_BDD.CreateProjectTest" name="createProject" time="9.214"/>
  <system-out/>
</testsuite> <!-- com.CRUD_Operations_BDD.CreateProjectTest -->
