<?xml version="1.0" encoding="UTF-8"?>
<!-- Generated by org.testng.reporters.JUnitReportReporter -->
<testsuite hostname="jadi" failures="0" tests="2" name="com.rmgyantra_Different_Ways_To_Post.DataProviderTest" time="12.964" errors="0" timestamp="2021-12-09T15:06:19 IST" skipped="0">
  <testcase classname="com.rmgyantra_Different_Ways_To_Post.DataProviderTest" name="CreateProject" time="0.177"/>
  <system-out/>
  <testcase classname="com.rmgyantra_Different_Ways_To_Post.DataProviderTest" name="CreateProject" time="12.787"/>
  <system-out/>
</testsuite> <!-- com.rmgyantra_Different_Ways_To_Post.DataProviderTest -->
