<?xml version="1.0" encoding="UTF-8"?>
<!-- Generated by org.testng.reporters.JUnitReportReporter -->
<testsuite hostname="jadi" failures="0" tests="1" name="com.rmgyantra.parameter.oAuthParameterTest" time="14.376" errors="0" timestamp="2021-12-13T15:46:57 IST" skipped="0">
  <testcase classname="com.rmgyantra.parameter.oAuthParameterTest" name="oAuthParameter" time="14.376"/>
  <system-out/>
</testsuite> <!-- com.rmgyantra.parameter.oAuthParameterTest -->
