<?xml version="1.0" encoding="UTF-8"?>
<!-- Generated by org.testng.reporters.JUnitReportReporter -->
<testsuite hostname="jadi" failures="0" tests="1" name="com.rmgyantra.parameter.gitPathParameterTest" time="18.826" errors="0" timestamp="2021-12-10T15:22:01 IST" skipped="0">
  <testcase classname="com.rmgyantra.parameter.gitPathParameterTest" name="gitPathParameter" time="18.826"/>
  <system-out/>
</testsuite> <!-- com.rmgyantra.parameter.gitPathParameterTest -->
